<?xml version="1.0" encoding="UTF-8"?>
<!-- Generated by org.testng.reporters.JUnitXMLReporter -->
<testsuite ignored="0" hostname="LAPTOP-IJ4HBQLG" failures="0" tests="3" name="Test" time="7.845" errors="0" timestamp="2023-06-26T15:48:11 IST">
  <testcase classname="Test_Classes.Post_TC1" name="extractor" time="4.505"/>
  <testcase classname="Test_Classes.Put_TC1" name="extractor" time="1.686"/>
  <testcase classname="Test_Classes.Patch_TC1" name="extractor" time="1.536"/>
</testsuite> <!-- Test -->
